<?xml version="1.0" encoding="UTF-8"?>
<!-- Generated by org.testng.reporters.JUnitReportReporter -->
<testsuite hostname="DESKTOP-EFLV044" failures="0" tests="1" name="homerental_automationTest.UpdateTheRegisteredHomeTest" time="14.281" errors="0" timestamp="2023-07-03T20:21:08 IST" skipped="0">
  <testcase classname="homerental_automationTest.UpdateTheRegisteredHomeTest" name="edit" time="14.281"/>
  <system-out/>
</testsuite> <!-- homerental_automationTest.UpdateTheRegisteredHomeTest -->
