<?xml version="1.0" encoding="UTF-8"?>
<!-- Generated by org.testng.reporters.JUnitReportReporter -->
<testsuite hostname="DESKTOP-EFLV044" failures="0" tests="1" name="homerental_automationTest.UpdateTheRegisteredHome" time="19.809" errors="0" timestamp="2023-06-30T22:47:45 IST" skipped="0">
  <testcase classname="homerental_automationTest.UpdateTheRegisteredHome" name="edit" time="19.809"/>
  <system-out/>
</testsuite> <!-- homerental_automationTest.UpdateTheRegisteredHome -->
