<?xml version="1.0" encoding="UTF-8"?>
<!-- Generated by org.testng.reporters.JUnitReportReporter -->
<testsuite hostname="DESKTOP-EFLV044" failures="0" tests="4" name="com.practice.TestNGPractice" time="0.027" errors="0" timestamp="2023-07-05T12:47:14 IST" skipped="0">
  <testcase classname="com.practice.TestNGPractice" name="modifyCustomerTest" time="0.014"/>
  <system-out>
modifyCustomer  </system-out>
  <testcase classname="com.practice.TestNGPractice" name="updateCustomerTest" time="0.005"/>
  <system-out>
updateCustomer  </system-out>
  <testcase classname="com.practice.TestNGPractice" name="createCustomerTest" time="0.002"/>
  <system-out>
createCustomer  </system-out>
  <testcase classname="com.practice.TestNGPractice" name="deleteCustomerTest" time="0.006"/>
  <system-out>
deleteCustomer  </system-out>
</testsuite> <!-- com.practice.TestNGPractice -->
