<?xml version="1.0" encoding="UTF-8"?>
<!-- Generated by org.testng.reporters.JUnitReportReporter -->
<testsuite hostname="DESKTOP-EFLV044" failures="0" tests="1" name="com.practice.DataProviderTest" time="0.020" errors="0" timestamp="2023-07-06T17:05:46 IST" skipped="0">
  <testcase classname="com.practice.DataProviderTest" name="test" time="0.020"/>
  <system-out/>
</testsuite> <!-- com.practice.DataProviderTest -->
