<?xml version="1.0" encoding="UTF-8"?>
<!-- Generated by org.testng.reporters.JUnitReportReporter -->
<testsuite hostname="DESKTOP-EFLV044" failures="0" tests="1" name="homerental_automationTest.ComplaintTest" time="18.542" errors="0" timestamp="2023-07-05T12:19:06 IST" skipped="0">
  <testcase classname="homerental_automationTest.ComplaintTest" name="complaint" time="18.542"/>
  <system-out/>
</testsuite> <!-- homerental_automationTest.ComplaintTest -->
