<?xml version="1.0" encoding="UTF-8"?>
<!-- Generated by org.testng.reporters.JUnitReportReporter -->
<testsuite hostname="DESKTOP-EFLV044" failures="0" tests="1" name="homerental_automationTest.UpdateHomeInPOM" time="12.717" errors="0" timestamp="2023-07-06T21:25:11 IST" skipped="0">
  <testcase classname="homerental_automationTest.UpdateHomeInPOM" name="mainTest" time="12.717"/>
  <system-out/>
</testsuite> <!-- homerental_automationTest.UpdateHomeInPOM -->
