<?xml version="1.0" encoding="UTF-8"?>
<!-- Generated by org.testng.reporters.JUnitReportReporter -->
<testsuite hostname="DESKTOP-EFLV044" failures="0" tests="1" name="homerental_automationTest.RegisterUserToApplicationInPOMTest" time="11.901" errors="0" timestamp="2023-07-10T15:38:55 IST" skipped="0">
  <testcase classname="homerental_automationTest.RegisterUserToApplicationInPOMTest" name="registerUserTest" time="11.901"/>
  <system-out>
    <![CDATA[user id is verified and pass]]>
  </system-out>
</testsuite> <!-- homerental_automationTest.RegisterUserToApplicationInPOMTest -->
