<?xml version="1.0" encoding="UTF-8"?>
<!-- Generated by org.testng.reporters.JUnitReportReporter -->
<testsuite hostname="DESKTOP-EFLV044" failures="0" tests="1" name="com.practice.AssertionDemo" time="0.018" errors="0" timestamp="2023-07-07T20:19:26 IST" skipped="0">
  <testcase classname="com.practice.AssertionDemo" name="assertTest" time="0.018"/>
  <system-out>
    <![CDATA[pass]]>
  </system-out>
</testsuite> <!-- com.practice.AssertionDemo -->
