<?xml version="1.0" encoding="UTF-8"?>
<!-- Generated by org.testng.reporters.JUnitReportReporter -->
<testsuite hostname="DESKTOP-EFLV044" failures="0" tests="1" name="homerental_automationTest.UpdateHomeInPOMTest" time="11.409" errors="0" timestamp="2023-07-13T13:06:08 IST" skipped="0">
  <testcase classname="homerental_automationTest.UpdateHomeInPOMTest" name="updateHomeTest" time="11.409"/>
  <system-out>
    <![CDATA[data is updated in details page and pass
data is updated in searched page and pass
data is updated in admin apartment list page and pass]]>
  </system-out>
</testsuite> <!-- homerental_automationTest.UpdateHomeInPOMTest -->
