<?xml version="1.0" encoding="UTF-8"?>
<!-- Generated by org.testng.reporters.JUnitReportReporter -->
<testsuite hostname="DESKTOP-EFLV044" failures="0" tests="1" name="com.practice.ComplaintInPOMTest" time="4.919" errors="0" timestamp="2023-07-07T21:54:05 IST" skipped="0">
  <testcase classname="com.practice.ComplaintInPOMTest" name="mainTest" time="4.919"/>
  <system-out>
    <![CDATA[complaint sent successfully
user raised complaint is present in admin complaint list]]>
  </system-out>
</testsuite> <!-- com.practice.ComplaintInPOMTest -->
