<?xml version="1.0" encoding="UTF-8"?>
<!-- Generated by org.testng.reporters.JUnitReportReporter -->
<testsuite hostname="DESKTOP-EFLV044" failures="0" tests="1" name="homerental_automationTest.RegisterHomeInPOM" time="13.972" errors="0" timestamp="2023-07-06T21:10:41 IST" skipped="0">
  <testcase classname="homerental_automationTest.RegisterHomeInPOM" name="mainTest" time="13.972"/>
  <system-out/>
</testsuite> <!-- homerental_automationTest.RegisterHomeInPOM -->
