<?xml version="1.0" encoding="UTF-8"?>
<!-- Generated by org.testng.reporters.JUnitReportReporter -->
<testsuite hostname="DESKTOP-EFLV044" failures="0" tests="1" name="homerental_automationTest.RegisterHomeTest" time="20.964" errors="0" timestamp="2023-07-02T17:03:23 IST" skipped="0">
  <testcase classname="homerental_automationTest.RegisterHomeTest" name="mainTest" time="20.964"/>
  <system-out/>
</testsuite> <!-- homerental_automationTest.RegisterHomeTest -->
