<?xml version="1.0" encoding="UTF-8"?>
<!-- Generated by org.testng.reporters.JUnitReportReporter -->
<testsuite hostname="DESKTOP-EFLV044" failures="0" tests="1" name="homerental_automationTest.RegisterUserToApplicationInPOMTest" time="3.839" errors="0" timestamp="2023-07-13T11:35:47 IST" skipped="0">
  <testcase classname="homerental_automationTest.RegisterUserToApplicationInPOMTest" name="registerUserTest" time="3.839"/>
  <system-out>
    <![CDATA[user id is verified and pass]]>
  </system-out>
</testsuite> <!-- homerental_automationTest.RegisterUserToApplicationInPOMTest -->
