<?xml version="1.0" encoding="UTF-8"?>
<!-- Generated by org.testng.reporters.JUnitReportReporter -->
<testsuite hostname="DESKTOP-EFLV044" failures="0" tests="2" name="com.practice.Ebay" time="18.358" errors="0" timestamp="2023-07-06T15:00:52 IST" skipped="0">
  <testcase classname="com.practice.Ebay" name="test" time="9.942"/>
  <system-out/>
  <testcase classname="com.practice.Ebay" name="test" time="8.416"/>
  <system-out/>
</testsuite> <!-- com.practice.Ebay -->
