<?xml version="1.0" encoding="UTF-8"?>
<!-- Generated by org.testng.reporters.JUnitReportReporter -->
<testsuite hostname="DESKTOP-EFLV044" failures="0" tests="1" name="homerental_automationTest.RegisterHomeInPOMTest" time="12.455" errors="0" timestamp="2023-07-13T11:35:33 IST" skipped="0">
  <testcase classname="homerental_automationTest.RegisterHomeInPOMTest" name="registerHomeTest" time="12.455"/>
  <system-out>
    <![CDATA[user registered home is verified and pass
user registered home is verified and pass
user registered home is verified in searched page and pass
user registered home is verified in admin home page and pass
user registered home is verified in admin details page and pass]]>
  </system-out>
</testsuite> <!-- homerental_automationTest.RegisterHomeInPOMTest -->
