<?xml version="1.0" encoding="UTF-8"?>
<!-- Generated by org.testng.reporters.JUnitReportReporter -->
<testsuite hostname="DESKTOP-EFLV044" failures="0" tests="2" name="com.practice.DataProvider1" time="0.028" errors="0" timestamp="2023-07-11T12:46:07 IST" skipped="0">
  <testcase classname="com.practice.DataProvider1" name="test" time="0.021"/>
  <system-out/>
  <testcase classname="com.practice.DataProvider1" name="test" time="0.007"/>
  <system-out/>
</testsuite> <!-- com.practice.DataProvider1 -->
