<?xml version="1.0" encoding="UTF-8"?>
<!-- Generated by org.testng.reporters.JUnitReportReporter -->
<testsuite hostname="DESKTOP-EFLV044" failures="0" tests="1" name="homerental_automationTest.ComplaintInPOM" time="14.782" errors="0" timestamp="2023-07-06T21:09:39 IST" skipped="0">
  <testcase classname="homerental_automationTest.ComplaintInPOM" name="mainTest" time="14.782"/>
  <system-out/>
</testsuite> <!-- homerental_automationTest.ComplaintInPOM -->
