<?xml version="1.0" encoding="UTF-8"?>
<!-- Generated by org.testng.reporters.JUnitReportReporter -->
<testsuite hostname="DESKTOP-EFLV044" failures="0" tests="3" name="homerental_automationTest.UpdateHomeInPOMTest" time="37.977" errors="0" timestamp="2023-07-10T15:38:55 IST" skipped="2">
  <testcase classname="homerental_automationTest.UpdateHomeInPOMTest" name="updateHomeTest" time="7.619">
    <skipped/>
  </testcase> <!-- updateHomeTest -->
  <system-out/>
  <testcase classname="homerental_automationTest.UpdateHomeInPOMTest" name="updateHomeTest" time="17.280">
    <skipped/>
  </testcase> <!-- updateHomeTest -->
  <system-out/>
  <testcase classname="homerental_automationTest.UpdateHomeInPOMTest" name="updateHomeTest" time="13.078"/>
  <system-out>
    <![CDATA[data is updated in details page and pass
data is updated in searched page and pass
data is updated in admin apartment list page and pass]]>
  </system-out>
</testsuite> <!-- homerental_automationTest.UpdateHomeInPOMTest -->
