<?xml version="1.0" encoding="UTF-8"?>
<!-- Generated by org.testng.reporters.JUnitReportReporter -->
<testsuite hostname="DESKTOP-EFLV044" failures="0" tests="1" name="homerental_automationTest.ComplaintInPOMTest" time="6.409" errors="0" timestamp="2023-07-13T22:26:16 IST" skipped="0">
  <testcase classname="homerental_automationTest.ComplaintInPOMTest" name="complaintTest" time="6.409"/>
  <system-out>
    <![CDATA[complaint sent successfully
user raised complaint is present in admin complaint list]]>
  </system-out>
</testsuite> <!-- homerental_automationTest.ComplaintInPOMTest -->
